Arguments: 
  C:\Program Files\nodejs\node.exe C:\Users\notre\AppData\Roaming\npm\node_modules\yarn\bin\yarn.js add popperjs/core@2.10.2

PATH: 
  C:\tools\cmder\vendor\bin;C:\tools\cmder\vendor\git-for-windows\cmd;C:\tools\cmder\vendor\conemu-maximus5\ConEmu\Scripts;C:\tools\cmder\vendor\conemu-maximus5;C:\tools\cmder\vendor\conemu-maximus5\ConEmu;C:\Program Files (x86)\Common Files\Oracle\Java\javapath;C:\Windows\system32;C:\Windows;C:\Windows\System32\Wbem;C:\Windows\System32\WindowsPowerShell\v1.0\;C:\Windows\System32\OpenSSH\;C:\Program Files\PuTTY\;C:\Users\notre\AppData\Local\Android\Sdk\platforms;C:\Users\notre\AppData\Local\Android\Sdk\platform-tools;C:\Program Files\Git\cmd;C:\Program Files\nodejs\;C:\Users\notre\AppData\Local\Programs\Python\Python39\Scripts\;C:\Users\notre\AppData\Local\Programs\Python\Python39\;C:\Users\notre\scoop\shims;C:\Ruby25-x64\bin;C:\Users\notre\AppData\Local\Microsoft\WindowsApps;C:\Users\notre\AppData\Local\Programs\Microsoft VS Code\bin;C:\drivers;C:\Program Files\JetBrains\IntelliJ IDEA Community Edition 2021.1\bin;C:\src\flutter\bin;C:\Program Files (x86)\rit\;C:\Program Files\JetBrains\PyCharm Community Edition 2021.1\bin;C:\Program Files\Docker Toolbox;C:\Users\notre\AppData\Roaming\npm;C:\tools\cmder\vendor\git-for-windows\mingw64\bin;C:\tools\cmder\vendor\git-for-windows\usr\bin;C:\tools\cmder

Yarn version: 
  1.22.17

Node version: 
  16.13.0

Platform: 
  win32 x64

Trace: 
  Error: https://registry.yarnpkg.com/popperjs%2fcore: Request "https://registry.yarnpkg.com/popperjs%2fcore" returned a 405
      at Request.params.callback [as _callback] (C:\Users\notre\AppData\Roaming\npm\node_modules\yarn\lib\cli.js:67038:18)
      at Request.self.callback (C:\Users\notre\AppData\Roaming\npm\node_modules\yarn\lib\cli.js:140883:22)
      at Request.emit (node:events:390:28)
      at Request.<anonymous> (C:\Users\notre\AppData\Roaming\npm\node_modules\yarn\lib\cli.js:141855:10)
      at Request.emit (node:events:390:28)
      at IncomingMessage.<anonymous> (C:\Users\notre\AppData\Roaming\npm\node_modules\yarn\lib\cli.js:141777:12)
      at Object.onceWrapper (node:events:509:28)
      at IncomingMessage.emit (node:events:402:35)
      at endReadableNT (node:internal/streams/readable:1343:12)
      at processTicksAndRejections (node:internal/process/task_queues:83:21)

npm manifest: 
  {
    "dependencies": {
      "bootstrap": "^5.1.3"
    }
  }

yarn manifest: 
  No manifest

Lockfile: 
  # THIS IS AN AUTOGENERATED FILE. DO NOT EDIT THIS FILE DIRECTLY.
  # yarn lockfile v1
  
  
  bootstrap@^5.1.3:
    version "5.1.3"
    resolved "https://registry.yarnpkg.com/bootstrap/-/bootstrap-5.1.3.tgz#ba081b0c130f810fa70900acbc1c6d3c28fa8f34"
    integrity sha512-fcQztozJ8jToQWXxVuEyXWW+dSo8AiXWKwiSSrKWsRB/Qt+Ewwza+JWoLKiTuQLaEPhdNAJ7+Dosc9DOIqNy7Q==
